{"C:\\Users\\Said\\Desktop\\Free-To-Play-Games\\src\\modules\\getComments.js": {"path":"C:\\Users\\Said\\Desktop\\Free-To-Play-Games\\src\\modules\\getComments.js","statementMap":{"0":{"start":{"line":3,"column":4},"end":{"line":3,"column":107}},"1":{"start":{"line":5,"column":4},"end":{"line":5,"column":107}},"2":{"start":{"line":6,"column":19},"end":{"line":6,"column":75}},"3":{"start":{"line":7,"column":24},"end":{"line":7,"column":64}},"4":{"start":{"line":9,"column":26},"end":{"line":12,"column":3}},"5":{"start":{"line":10,"column":21},"end":{"line":10,"column":75}},"6":{"start":{"line":11,"column":4},"end":{"line":11,"column":27}},"7":{"start":{"line":14,"column":26},"end":{"line":14,"column":90}},"8":{"start":{"line":14,"column":37},"end":{"line":14,"column":89}},"9":{"start":{"line":16,"column":28},"end":{"line":21,"column":3}},"10":{"start":{"line":17,"column":19},"end":{"line":19,"column":21}},"11":{"start":{"line":18,"column":26},"end":{"line":18,"column":61}},"12":{"start":{"line":19,"column":19},"end":{"line":19,"column":20}},"13":{"start":{"line":20,"column":4},"end":{"line":20,"column":18}},"14":{"start":{"line":23,"column":32},"end":{"line":28,"column":3}},"15":{"start":{"line":24,"column":4},"end":{"line":27,"column":7}},"16":{"start":{"line":25,"column":6},"end":{"line":26,"column":21}},"17":{"start":{"line":30,"column":15},"end":{"line":40,"column":30}},"18":{"start":{"line":31,"column":4},"end":{"line":40,"column":30}},"19":{"start":{"line":38,"column":21},"end":{"line":38,"column":31}},"20":{"start":{"line":39,"column":22},"end":{"line":39,"column":26}},"21":{"start":{"line":40,"column":24},"end":{"line":40,"column":29}},"22":{"start":{"line":42,"column":23},"end":{"line":55,"column":3}},"23":{"start":{"line":43,"column":20},"end":{"line":49,"column":5}},"24":{"start":{"line":50,"column":21},"end":{"line":53,"column":5}},"25":{"start":{"line":54,"column":4},"end":{"line":54,"column":20}},"26":{"start":{"line":57,"column":16},"end":{"line":69,"column":55}},"27":{"start":{"line":58,"column":4},"end":{"line":69,"column":55}},"28":{"start":{"line":65,"column":21},"end":{"line":65,"column":31}},"29":{"start":{"line":67,"column":8},"end":{"line":67,"column":79}},"30":{"start":{"line":69,"column":25},"end":{"line":69,"column":53}},"31":{"start":{"line":71,"column":22},"end":{"line":74,"column":3}},"32":{"start":{"line":72,"column":21},"end":{"line":72,"column":69}},"33":{"start":{"line":73,"column":4},"end":{"line":73,"column":20}},"34":{"start":{"line":76,"column":31},"end":{"line":78,"column":3}},"35":{"start":{"line":77,"column":4},"end":{"line":77,"column":66}},"36":{"start":{"line":80,"column":24},"end":{"line":92,"column":3}},"37":{"start":{"line":81,"column":4},"end":{"line":91,"column":7}},"38":{"start":{"line":82,"column":6},"end":{"line":90,"column":7}},"39":{"start":{"line":83,"column":23},"end":{"line":83,"column":25}},"40":{"start":{"line":84,"column":8},"end":{"line":86,"column":11}},"41":{"start":{"line":85,"column":10},"end":{"line":85,"column":135}},"42":{"start":{"line":87,"column":8},"end":{"line":87,"column":43}},"43":{"start":{"line":89,"column":8},"end":{"line":89,"column":59}},"44":{"start":{"line":94,"column":29},"end":{"line":101,"column":3}},"45":{"start":{"line":95,"column":4},"end":{"line":100,"column":7}},"46":{"start":{"line":96,"column":6},"end":{"line":96,"column":47}},"47":{"start":{"line":97,"column":6},"end":{"line":97,"column":39}},"48":{"start":{"line":99,"column":6},"end":{"line":99,"column":50}},"49":{"start":{"line":103,"column":28},"end":{"line":163,"column":3}},"50":{"start":{"line":104,"column":4},"end":{"line":160,"column":7}},"51":{"start":{"line":105,"column":6},"end":{"line":143,"column":10}},"52":{"start":{"line":144,"column":6},"end":{"line":144,"column":32}},"53":{"start":{"line":145,"column":19},"end":{"line":145,"column":59}},"54":{"start":{"line":146,"column":6},"end":{"line":159,"column":9}},"55":{"start":{"line":147,"column":8},"end":{"line":147,"column":27}},"56":{"start":{"line":148,"column":21},"end":{"line":148,"column":45}},"57":{"start":{"line":149,"column":28},"end":{"line":149,"column":59}},"58":{"start":{"line":150,"column":8},"end":{"line":158,"column":11}},"59":{"start":{"line":155,"column":10},"end":{"line":155,"column":36}},"60":{"start":{"line":156,"column":10},"end":{"line":156,"column":44}},"61":{"start":{"line":157,"column":10},"end":{"line":157,"column":23}},"62":{"start":{"line":161,"column":4},"end":{"line":161,"column":46}},"63":{"start":{"line":162,"column":4},"end":{"line":162,"column":29}}},"fnMap":{"0":{"name":"(anonymous_0)","decl":{"start":{"line":9,"column":26},"end":{"line":9,"column":27}},"loc":{"start":{"line":9,"column":44},"end":{"line":12,"column":3}},"line":9},"1":{"name":"(anonymous_1)","decl":{"start":{"line":14,"column":26},"end":{"line":14,"column":27}},"loc":{"start":{"line":14,"column":37},"end":{"line":14,"column":89}},"line":14},"2":{"name":"(anonymous_2)","decl":{"start":{"line":16,"column":28},"end":{"line":16,"column":29}},"loc":{"start":{"line":16,"column":46},"end":{"line":21,"column":3}},"line":16},"3":{"name":"(anonymous_3)","decl":{"start":{"line":18,"column":12},"end":{"line":18,"column":13}},"loc":{"start":{"line":18,"column":26},"end":{"line":18,"column":61}},"line":18},"4":{"name":"(anonymous_4)","decl":{"start":{"line":19,"column":13},"end":{"line":19,"column":14}},"loc":{"start":{"line":19,"column":19},"end":{"line":19,"column":20}},"line":19},"5":{"name":"(anonymous_5)","decl":{"start":{"line":23,"column":32},"end":{"line":23,"column":33}},"loc":{"start":{"line":23,"column":50},"end":{"line":28,"column":3}},"line":23},"6":{"name":"(anonymous_6)","decl":{"start":{"line":24,"column":45},"end":{"line":24,"column":46}},"loc":{"start":{"line":24,"column":63},"end":{"line":27,"column":5}},"line":24},"7":{"name":"(anonymous_7)","decl":{"start":{"line":30,"column":15},"end":{"line":30,"column":16}},"loc":{"start":{"line":31,"column":4},"end":{"line":40,"column":30}},"line":31},"8":{"name":"(anonymous_8)","decl":{"start":{"line":38,"column":12},"end":{"line":38,"column":13}},"loc":{"start":{"line":38,"column":21},"end":{"line":38,"column":31}},"line":38},"9":{"name":"(anonymous_9)","decl":{"start":{"line":39,"column":12},"end":{"line":39,"column":13}},"loc":{"start":{"line":39,"column":22},"end":{"line":39,"column":26}},"line":39},"10":{"name":"(anonymous_10)","decl":{"start":{"line":40,"column":13},"end":{"line":40,"column":14}},"loc":{"start":{"line":40,"column":24},"end":{"line":40,"column":29}},"line":40},"11":{"name":"(anonymous_11)","decl":{"start":{"line":42,"column":23},"end":{"line":42,"column":24}},"loc":{"start":{"line":42,"column":41},"end":{"line":55,"column":3}},"line":42},"12":{"name":"(anonymous_12)","decl":{"start":{"line":57,"column":16},"end":{"line":57,"column":17}},"loc":{"start":{"line":58,"column":4},"end":{"line":69,"column":55}},"line":58},"13":{"name":"(anonymous_13)","decl":{"start":{"line":65,"column":12},"end":{"line":65,"column":13}},"loc":{"start":{"line":65,"column":21},"end":{"line":65,"column":31}},"line":65},"14":{"name":"(anonymous_14)","decl":{"start":{"line":66,"column":12},"end":{"line":66,"column":13}},"loc":{"start":{"line":67,"column":8},"end":{"line":67,"column":79}},"line":67},"15":{"name":"(anonymous_15)","decl":{"start":{"line":69,"column":13},"end":{"line":69,"column":14}},"loc":{"start":{"line":69,"column":25},"end":{"line":69,"column":53}},"line":69},"16":{"name":"(anonymous_16)","decl":{"start":{"line":71,"column":22},"end":{"line":71,"column":23}},"loc":{"start":{"line":71,"column":40},"end":{"line":74,"column":3}},"line":71},"17":{"name":"(anonymous_17)","decl":{"start":{"line":76,"column":31},"end":{"line":76,"column":32}},"loc":{"start":{"line":76,"column":41},"end":{"line":78,"column":3}},"line":76},"18":{"name":"(anonymous_18)","decl":{"start":{"line":80,"column":24},"end":{"line":80,"column":25}},"loc":{"start":{"line":80,"column":36},"end":{"line":92,"column":3}},"line":80},"19":{"name":"(anonymous_19)","decl":{"start":{"line":81,"column":37},"end":{"line":81,"column":38}},"loc":{"start":{"line":81,"column":47},"end":{"line":91,"column":5}},"line":81},"20":{"name":"(anonymous_20)","decl":{"start":{"line":84,"column":21},"end":{"line":84,"column":22}},"loc":{"start":{"line":84,"column":34},"end":{"line":86,"column":9}},"line":84},"21":{"name":"(anonymous_21)","decl":{"start":{"line":94,"column":29},"end":{"line":94,"column":30}},"loc":{"start":{"line":94,"column":35},"end":{"line":101,"column":3}},"line":94},"22":{"name":"(anonymous_22)","decl":{"start":{"line":95,"column":63},"end":{"line":95,"column":64}},"loc":{"start":{"line":95,"column":69},"end":{"line":100,"column":5}},"line":95},"23":{"name":"(anonymous_23)","decl":{"start":{"line":103,"column":28},"end":{"line":103,"column":29}},"loc":{"start":{"line":103,"column":46},"end":{"line":163,"column":3}},"line":103},"24":{"name":"(anonymous_24)","decl":{"start":{"line":104,"column":40},"end":{"line":104,"column":41}},"loc":{"start":{"line":104,"column":50},"end":{"line":160,"column":5}},"line":104},"25":{"name":"(anonymous_25)","decl":{"start":{"line":146,"column":38},"end":{"line":146,"column":39}},"loc":{"start":{"line":146,"column":45},"end":{"line":159,"column":7}},"line":146},"26":{"name":"(anonymous_26)","decl":{"start":{"line":154,"column":16},"end":{"line":154,"column":17}},"loc":{"start":{"line":154,"column":22},"end":{"line":158,"column":9}},"line":154}},"branchMap":{"0":{"loc":{"start":{"line":14,"column":37},"end":{"line":14,"column":89}},"type":"cond-expr","locations":[{"start":{"line":14,"column":66},"end":{"line":14,"column":77}},{"start":{"line":14,"column":80},"end":{"line":14,"column":89}}],"line":14},"1":{"loc":{"start":{"line":18,"column":26},"end":{"line":18,"column":61}},"type":"cond-expr","locations":[{"start":{"line":18,"column":43},"end":{"line":18,"column":57}},{"start":{"line":18,"column":60},"end":{"line":18,"column":61}}],"line":18},"2":{"loc":{"start":{"line":57,"column":22},"end":{"line":57,"column":33}},"type":"default-arg","locations":[{"start":{"line":57,"column":31},"end":{"line":57,"column":33}}],"line":57},"3":{"loc":{"start":{"line":67,"column":8},"end":{"line":67,"column":79}},"type":"cond-expr","locations":[{"start":{"line":67,"column":21},"end":{"line":67,"column":48}},{"start":{"line":67,"column":51},"end":{"line":67,"column":79}}],"line":67},"4":{"loc":{"start":{"line":82,"column":6},"end":{"line":90,"column":7}},"type":"if","locations":[{"start":{"line":82,"column":6},"end":{"line":90,"column":7}},{"start":{"line":88,"column":13},"end":{"line":90,"column":7}}],"line":82}},"s":{"0":1,"1":1,"2":1,"3":1,"4":1,"5":0,"6":0,"7":1,"8":2,"9":1,"10":0,"11":0,"12":0,"13":0,"14":1,"15":0,"16":0,"17":1,"18":0,"19":0,"20":0,"21":0,"22":1,"23":0,"24":0,"25":0,"26":1,"27":0,"28":0,"29":0,"30":0,"31":1,"32":0,"33":0,"34":1,"35":0,"36":1,"37":0,"38":0,"39":0,"40":0,"41":0,"42":0,"43":0,"44":1,"45":0,"46":0,"47":0,"48":0,"49":1,"50":0,"51":0,"52":0,"53":0,"54":0,"55":0,"56":0,"57":0,"58":0,"59":0,"60":0,"61":0,"62":0,"63":0},"f":{"0":0,"1":2,"2":0,"3":0,"4":0,"5":0,"6":0,"7":0,"8":0,"9":0,"10":0,"11":0,"12":0,"13":0,"14":0,"15":0,"16":0,"17":0,"18":0,"19":0,"20":0,"21":0,"22":0,"23":0,"24":0,"25":0,"26":0},"b":{"0":[2,0],"1":[0,0],"2":[0],"3":[0,0],"4":[0,0]},"_coverageSchema":"1a1c01bbd47fc00a2c39e90264f33305004495a9","hash":"18b0ce8000b15611369b692d6f6b6819b8b5e8e3"}
,"C:\\Users\\Said\\Desktop\\Free-To-Play-Games\\src\\modules\\getGames.js": {"path":"C:\\Users\\Said\\Desktop\\Free-To-Play-Games\\src\\modules\\getGames.js","statementMap":{"0":{"start":{"line":3,"column":25},"end":{"line":15,"column":3}},"1":{"start":{"line":4,"column":20},"end":{"line":10,"column":5}},"2":{"start":{"line":11,"column":4},"end":{"line":14,"column":42}},"3":{"start":{"line":14,"column":25},"end":{"line":14,"column":40}},"4":{"start":{"line":17,"column":20},"end":{"line":24,"column":3}},"5":{"start":{"line":18,"column":18},"end":{"line":18,"column":44}},"6":{"start":{"line":19,"column":22},"end":{"line":19,"column":60}},"7":{"start":{"line":19,"column":55},"end":{"line":19,"column":59}},"8":{"start":{"line":20,"column":4},"end":{"line":22,"column":7}},"9":{"start":{"line":21,"column":6},"end":{"line":21,"column":50}},"10":{"start":{"line":23,"column":4},"end":{"line":23,"column":38}},"11":{"start":{"line":26,"column":23},"end":{"line":45,"column":3}},"12":{"start":{"line":27,"column":4},"end":{"line":44,"column":7}},"13":{"start":{"line":28,"column":20},"end":{"line":28,"column":49}},"14":{"start":{"line":29,"column":23},"end":{"line":29,"column":55}},"15":{"start":{"line":30,"column":6},"end":{"line":43,"column":8}},"16":{"start":{"line":47,"column":24},"end":{"line":50,"column":3}},"17":{"start":{"line":48,"column":23},"end":{"line":48,"column":34}},"18":{"start":{"line":49,"column":4},"end":{"line":49,"column":22}},"19":{"start":{"line":52,"column":24},"end":{"line":62,"column":3}},"20":{"start":{"line":54,"column":6},"end":{"line":54,"column":75}},"21":{"start":{"line":55,"column":19},"end":{"line":60,"column":42}},"22":{"start":{"line":60,"column":26},"end":{"line":60,"column":41}},"23":{"start":{"line":61,"column":4},"end":{"line":61,"column":18}},"24":{"start":{"line":64,"column":25},"end":{"line":75,"column":3}},"25":{"start":{"line":66,"column":6},"end":{"line":66,"column":75}},"26":{"start":{"line":67,"column":20},"end":{"line":69,"column":5}},"27":{"start":{"line":70,"column":4},"end":{"line":74,"column":9}},"28":{"start":{"line":71,"column":26},"end":{"line":71,"column":41}},"29":{"start":{"line":73,"column":8},"end":{"line":73,"column":30}}},"fnMap":{"0":{"name":"(anonymous_0)","decl":{"start":{"line":3,"column":25},"end":{"line":3,"column":26}},"loc":{"start":{"line":3,"column":37},"end":{"line":15,"column":3}},"line":3},"1":{"name":"(anonymous_1)","decl":{"start":{"line":14,"column":11},"end":{"line":14,"column":12}},"loc":{"start":{"line":14,"column":25},"end":{"line":14,"column":40}},"line":14},"2":{"name":"(anonymous_2)","decl":{"start":{"line":17,"column":20},"end":{"line":17,"column":21}},"loc":{"start":{"line":17,"column":32},"end":{"line":24,"column":3}},"line":17},"3":{"name":"(anonymous_3)","decl":{"start":{"line":19,"column":45},"end":{"line":19,"column":46}},"loc":{"start":{"line":19,"column":55},"end":{"line":19,"column":59}},"line":19},"4":{"name":"(anonymous_4)","decl":{"start":{"line":20,"column":55},"end":{"line":20,"column":56}},"loc":{"start":{"line":20,"column":65},"end":{"line":22,"column":5}},"line":20},"5":{"name":"(anonymous_5)","decl":{"start":{"line":26,"column":23},"end":{"line":26,"column":24}},"loc":{"start":{"line":26,"column":44},"end":{"line":45,"column":3}},"line":26},"6":{"name":"(anonymous_6)","decl":{"start":{"line":27,"column":22},"end":{"line":27,"column":23}},"loc":{"start":{"line":27,"column":35},"end":{"line":44,"column":5}},"line":27},"7":{"name":"(anonymous_7)","decl":{"start":{"line":47,"column":24},"end":{"line":47,"column":25}},"loc":{"start":{"line":47,"column":34},"end":{"line":50,"column":3}},"line":47},"8":{"name":"(anonymous_8)","decl":{"start":{"line":52,"column":24},"end":{"line":52,"column":25}},"loc":{"start":{"line":52,"column":36},"end":{"line":62,"column":3}},"line":52},"9":{"name":"(anonymous_9)","decl":{"start":{"line":60,"column":12},"end":{"line":60,"column":13}},"loc":{"start":{"line":60,"column":26},"end":{"line":60,"column":41}},"line":60},"10":{"name":"(anonymous_10)","decl":{"start":{"line":64,"column":25},"end":{"line":64,"column":26}},"loc":{"start":{"line":64,"column":37},"end":{"line":75,"column":3}},"line":64},"11":{"name":"(anonymous_11)","decl":{"start":{"line":71,"column":12},"end":{"line":71,"column":13}},"loc":{"start":{"line":71,"column":26},"end":{"line":71,"column":41}},"line":71},"12":{"name":"(anonymous_12)","decl":{"start":{"line":72,"column":12},"end":{"line":72,"column":13}},"loc":{"start":{"line":72,"column":26},"end":{"line":74,"column":7}},"line":72}},"branchMap":{},"s":{"0":1,"1":0,"2":0,"3":0,"4":1,"5":0,"6":0,"7":0,"8":0,"9":0,"10":0,"11":1,"12":0,"13":0,"14":0,"15":0,"16":1,"17":2,"18":2,"19":1,"20":0,"21":0,"22":0,"23":0,"24":1,"25":0,"26":0,"27":0,"28":0,"29":0},"f":{"0":0,"1":0,"2":0,"3":0,"4":0,"5":0,"6":0,"7":2,"8":0,"9":0,"10":0,"11":0,"12":0},"b":{},"_coverageSchema":"1a1c01bbd47fc00a2c39e90264f33305004495a9","hash":"56d6fe1877c15ba114be12bcd206542c98f7d737"}
,"C:\\Users\\Said\\Desktop\\Free-To-Play-Games\\src\\modules\\getLikes.js": {"path":"C:\\Users\\Said\\Desktop\\Free-To-Play-Games\\src\\modules\\getLikes.js","statementMap":{"0":{"start":{"line":2,"column":13},"end":{"line":2,"column":113}},"1":{"start":{"line":4,"column":19},"end":{"line":12,"column":1}},"2":{"start":{"line":5,"column":22},"end":{"line":5,"column":37}},"3":{"start":{"line":6,"column":19},"end":{"line":10,"column":4}},"4":{"start":{"line":11,"column":2},"end":{"line":11,"column":18}},"5":{"start":{"line":14,"column":18},"end":{"line":18,"column":1}},"6":{"start":{"line":15,"column":20},"end":{"line":15,"column":41}},"7":{"start":{"line":16,"column":19},"end":{"line":16,"column":41}},"8":{"start":{"line":17,"column":2},"end":{"line":17,"column":18}},"9":{"start":{"line":20,"column":21},"end":{"line":29,"column":1}},"10":{"start":{"line":21,"column":20},"end":{"line":21,"column":41}},"11":{"start":{"line":22,"column":16},"end":{"line":22,"column":17}},"12":{"start":{"line":23,"column":2},"end":{"line":27,"column":5}},"13":{"start":{"line":24,"column":4},"end":{"line":26,"column":5}},"14":{"start":{"line":25,"column":6},"end":{"line":25,"column":30}},"15":{"start":{"line":28,"column":2},"end":{"line":28,"column":17}},"16":{"start":{"line":31,"column":18},"end":{"line":34,"column":1}},"17":{"start":{"line":32,"column":24},"end":{"line":32,"column":35}},"18":{"start":{"line":33,"column":2},"end":{"line":33,"column":48}},"19":{"start":{"line":36,"column":19},"end":{"line":39,"column":1}},"20":{"start":{"line":37,"column":17},"end":{"line":37,"column":48}},"21":{"start":{"line":38,"column":2},"end":{"line":38,"column":44}}},"fnMap":{"0":{"name":"(anonymous_0)","decl":{"start":{"line":4,"column":19},"end":{"line":4,"column":20}},"loc":{"start":{"line":4,"column":33},"end":{"line":12,"column":1}},"line":4},"1":{"name":"(anonymous_1)","decl":{"start":{"line":14,"column":18},"end":{"line":14,"column":19}},"loc":{"start":{"line":14,"column":30},"end":{"line":18,"column":1}},"line":14},"2":{"name":"(anonymous_2)","decl":{"start":{"line":20,"column":21},"end":{"line":20,"column":22}},"loc":{"start":{"line":20,"column":35},"end":{"line":29,"column":1}},"line":20},"3":{"name":"(anonymous_3)","decl":{"start":{"line":23,"column":20},"end":{"line":23,"column":21}},"loc":{"start":{"line":23,"column":33},"end":{"line":27,"column":3}},"line":23},"4":{"name":"(anonymous_4)","decl":{"start":{"line":31,"column":18},"end":{"line":31,"column":19}},"loc":{"start":{"line":31,"column":25},"end":{"line":34,"column":1}},"line":31},"5":{"name":"(anonymous_5)","decl":{"start":{"line":36,"column":19},"end":{"line":36,"column":20}},"loc":{"start":{"line":36,"column":35},"end":{"line":39,"column":1}},"line":36}},"branchMap":{"0":{"loc":{"start":{"line":24,"column":4},"end":{"line":26,"column":5}},"type":"if","locations":[{"start":{"line":24,"column":4},"end":{"line":26,"column":5}},{"start":{},"end":{}}],"line":24}},"s":{"0":1,"1":1,"2":0,"3":0,"4":0,"5":1,"6":0,"7":0,"8":0,"9":1,"10":0,"11":0,"12":0,"13":0,"14":0,"15":0,"16":1,"17":0,"18":0,"19":1,"20":0,"21":0},"f":{"0":0,"1":0,"2":0,"3":0,"4":0,"5":0},"b":{"0":[0,0]},"_coverageSchema":"1a1c01bbd47fc00a2c39e90264f33305004495a9","hash":"6e26c26a81c1bd6e2927a68ebc39943219b1067b"}
}
